<?xml version="1.0" encoding="UTF-8"?>
<!-- Generated by org.testng.reporters.JUnitXMLReporter -->
<testsuite ignored="5" hostname="DESKTOP-TVSUR7N" failures="0" tests="1" name="Default test" time="28.511" errors="0" timestamp="2025-04-02T19:08:10 GMT-07:00">
  <testcase classname="testscripts.AdminUserTest" name="verifyActiveButtonIsDisplayed" time="9.018"/>
  <testcase classname="testscripts.AdminUserTest" name="verifyWhetherAdminisAbletoAddUsers" time="0.0">
    <ignored/>
  </testcase> <!-- verifyWhetherAdminisAbletoAddUsers -->
  <testcase classname="testscripts.AdminUserTest" name="verifyWhetherAbleToSearchUsers" time="0.0">
    <ignored/>
  </testcase> <!-- verifyWhetherAbleToSearchUsers -->
  <testcase classname="testscripts.AdminUserTest" name="checkNewButtonColor" time="0.0">
    <ignored/>
  </testcase> <!-- checkNewButtonColor -->
  <testcase classname="testscripts.AdminUserTest" name="ExcelCheck" time="0.0">
    <ignored/>
  </testcase> <!-- ExcelCheck -->
  <testcase classname="testscripts.AdminUserTest" name="verifyWhetherAbleToCreateNewUser" time="0.0">
    <ignored/>
  </testcase> <!-- verifyWhetherAbleToCreateNewUser -->
</testsuite> <!-- Default test -->
