<?xml version="1.0" encoding="UTF-8"?>
<!-- Generated by org.testng.reporters.JUnitXMLReporter -->
<testsuite ignored="4" hostname="DESKTOP-TVSUR7N" failures="0" tests="1" name="Default test" time="8.105" errors="0" timestamp="2025-04-07T19:36:07 GMT-07:00">
  <testcase classname="testscripts.AdminUserTest" name="verifyActiveButtonIsDisplayed" time="2.16"/>
  <testcase classname="testscripts.AdminUserTest" name="verifyWhetherAbleToSearchUsers" time="0.0">
    <ignored/>
  </testcase> <!-- verifyWhetherAbleToSearchUsers -->
  <testcase classname="testscripts.AdminUserTest" name="verifyWhetherAdminisAbletoAddUsers" time="0.0">
    <ignored/>
  </testcase> <!-- verifyWhetherAdminisAbletoAddUsers -->
  <testcase classname="testscripts.AdminUserTest" name="verifyNewButtonColor" time="0.0">
    <ignored/>
  </testcase> <!-- verifyNewButtonColor -->
  <testcase classname="testscripts.AdminUserTest" name="verifyWhetherAbleToCreateNewUser" time="0.0">
    <ignored/>
  </testcase> <!-- verifyWhetherAbleToCreateNewUser -->
</testsuite> <!-- Default test -->
