<?xml version="1.0" encoding="UTF-8"?>
<testng-results ignored="0" total="1" passed="1" failed="0" skipped="0">
  <reporter-output>
  </reporter-output>
  <suite started-at="2025-04-08T22:30:33 GMT-07:00" name="Default suite" finished-at="2025-04-08T22:30:44 GMT-07:00" duration-ms="10899">
    <groups>
    </groups>
    <test started-at="2025-04-08T22:30:33 GMT-07:00" name="Default test" finished-at="2025-04-08T22:30:44 GMT-07:00" duration-ms="10899">
      <class name="testscripts.SubCategoriesTest">
        <test-method is-config="true" signature="launchBrowser()[pri:0, instance:testscripts.SubCategoriesTest@45c7e403]" started-at="2025-04-08T22:30:33 GMT-07:00" name="launchBrowser" finished-at="2025-04-08T22:30:38 GMT-07:00" duration-ms="5445" status="PASS">
          <reporter-output>
          </reporter-output>
        </test-method> <!-- launchBrowser -->
        <test-method signature="verifyWhetherAbleToAddNewSubCategory()[pri:0, instance:testscripts.SubCategoriesTest@45c7e403]" started-at="2025-04-08T22:30:38 GMT-07:00" name="verifyWhetherAbleToAddNewSubCategory" finished-at="2025-04-08T22:30:44 GMT-07:00" duration-ms="5346" status="PASS">
          <reporter-output>
          </reporter-output>
        </test-method> <!-- verifyWhetherAbleToAddNewSubCategory -->
        <test-method is-config="true" signature="terminateSession(org.testng.ITestResult)[pri:0, instance:testscripts.SubCategoriesTest@45c7e403]" started-at="2025-04-08T22:30:44 GMT-07:00" name="terminateSession" finished-at="2025-04-08T22:30:44 GMT-07:00" duration-ms="6" status="PASS">
          <params>
            <param index="0">
              <value>
                <![CDATA[[TestResult name=verifyWhetherAbleToAddNewSubCategory status=SUCCESS method=SubCategoriesTest.verifyWhetherAbleToAddNewSubCategory()[pri:0, instance:testscripts.SubCategoriesTest@45c7e403] output={null}]]]>
              </value>
            </param>
          </params>
          <reporter-output>
          </reporter-output>
        </test-method> <!-- terminateSession -->
      </class> <!-- testscripts.SubCategoriesTest -->
    </test> <!-- Default test -->
  </suite> <!-- Default suite -->
</testng-results>
