<?xml version="1.0" encoding="UTF-8"?>
<!-- Generated by org.testng.reporters.JUnitXMLReporter -->
<testsuite ignored="0" hostname="DESKTOP-TVSUR7N" failures="0" tests="2" name="execution1" time="30.394" errors="0" timestamp="2025-04-07T19:18:53 GMT-07:00">
  <testcase classname="testscripts.LoginTest" name="verifyWhetherErrorMessageIsVisibleForInvalidCredentials" time="2.984"/>
  <testcase classname="testscripts.LoginTest" name="verifyWhetherUserIsAbleToLoginUsingValidCredentials" time="2.672"/>
</testsuite> <!-- execution1 -->
