<?xml version="1.0" encoding="UTF-8"?>
<!-- Generated by org.testng.reporters.JUnitXMLReporter -->
<testsuite ignored="0" hostname="DESKTOP-TVSUR7N" failures="0" tests="2" name="execution2" time="29.493" errors="0" timestamp="2025-04-07T19:18:52 GMT-07:00">
  <testcase classname="testscripts.LoginTest" name="verifyWhetherErrorMessageIsVisibleForInvalidCredentials" time="2.9"/>
  <testcase classname="testscripts.LoginTest" name="verifyWhetherUserIsAbleToLoginUsingValidCredentials" time="2.958"/>
</testsuite> <!-- execution2 -->
