<?xml version="1.0" encoding="UTF-8"?>
<!-- Generated by org.testng.reporters.JUnitXMLReporter -->
<testsuite ignored="0" hostname="DESKTOP-TVSUR7N" failures="0" tests="2" name="firefox" time="17.142" errors="0" timestamp="2025-03-30T19:49:19 GMT-07:00">
  <testcase classname="testscripts.AdminUserTest" name="ExcelCheck" time="0.001">
    <skipped/>
  </testcase> <!-- ExcelCheck -->
  <testcase classname="testscripts.AdminUserTest" name="verifyWhetherAbleToCreateNewUser" time="0.0">
    <skipped/>
  </testcase> <!-- verifyWhetherAbleToCreateNewUser -->
</testsuite> <!-- firefox -->
