<?xml version="1.0" encoding="UTF-8"?>
<!-- Generated by org.testng.reporters.JUnitXMLReporter -->
<testsuite ignored="1" hostname="DESKTOP-TVSUR7N" failures="1" tests="2" name="running in sanity regression" time="27.611" errors="0" timestamp="2025-03-31T10:57:49 GMT-07:00">
  <testcase classname="testscripts.LoginTest" name="verifyWhetherUserIsAbleToLoginUsingValidCredentials" time="2.236">
    <failure type="java.lang.AssertionError" message="expected [odmin] but found [Admin]">
      <![CDATA[java.lang.AssertionError: expected [odmin] but found [Admin]
at testscripts.LoginTest.verifyWhetherUserIsAbleToLoginUsingValidCredentials(LoginTest.java:26)
at java.base/java.util.ArrayList.forEach(ArrayList.java:1596)
... Removed 31 stack frames]]>
    </failure>
  </testcase> <!-- verifyWhetherUserIsAbleToLoginUsingValidCredentials -->
  <testcase classname="testscripts.AdminUserTest" name="verifyWhetherAbleToCreateNewUser" time="4.988"/>
  <testcase classname="testscripts.AdminUserTest" name="ExcelCheck" time="0.0">
    <ignored/>
  </testcase> <!-- ExcelCheck -->
</testsuite> <!-- running in sanity regression -->
